[2013-10-08 11:35:09] hashtag.INFO: Running [] []
[2013-10-08 11:35:28] hashtag.INFO: Running [] []
[2013-10-08 11:35:28] hashtag.INFO: Setting tags #rftees #james [] []
[2013-10-08 11:35:28] hashtag.INFO: Adding blocked users @jamesmills @refreshteesside [] []
[2013-10-08 11:35:28] hashtag.INFO: Running search [] []
[2013-10-08 11:35:30] hashtag.INFO: Setting results [] []
[2013-10-08 11:35:30] hashtag.INFO: Picking winner [] []
[2013-10-08 11:35:30] hashtag.INFO: Winner is  [] []
[2013-10-08 11:38:13] hashtag.INFO: Running [] []
[2013-10-08 11:38:13] hashtag.INFO: Setting tags #rftees #james [] []
[2013-10-08 11:38:13] hashtag.INFO: Adding blocked users @jamesmills @refreshteesside [] []
[2013-10-08 11:38:13] hashtag.INFO: Running search [] []
[2013-10-08 11:38:15] hashtag.INFO: Setting results [] []
[2013-10-08 11:38:26] hashtag.INFO: Running [] []
[2013-10-08 11:38:26] hashtag.INFO: Setting tags #rftees [] []
[2013-10-08 11:38:26] hashtag.INFO: Adding blocked users @jamesmills @refreshteesside [] []
[2013-10-08 11:38:26] hashtag.INFO: Running search [] []
[2013-10-08 11:38:28] hashtag.INFO: Setting results [] []
[2013-10-08 11:38:35] hashtag.INFO: Running [] []
[2013-10-08 11:38:35] hashtag.INFO: Setting tags #rftees [] []
[2013-10-08 11:38:35] hashtag.INFO: Adding blocked users @jamesmills @refreshteesside [] []
[2013-10-08 11:38:35] hashtag.INFO: Running search [] []
[2013-10-08 11:38:38] hashtag.INFO: Setting results [] []
[2013-10-08 11:42:21] hashtag.INFO: Running [] []
[2013-10-08 11:42:21] hashtag.INFO: Setting tags #rftees [] []
[2013-10-08 11:42:21] hashtag.INFO: Adding blocked users @jamesmills @refreshteesside [] []
[2013-10-08 11:42:21] hashtag.INFO: Running search [] []
[2013-10-08 11:42:23] hashtag.INFO: Setting results [] []
[2013-10-08 11:42:23] hashtag.INFO: Total entries 7 [] []
[2013-10-08 11:42:23] hashtag.INFO: Picking winner [] []
[2013-10-08 11:42:23] hashtag.INFO: Winner is  [] []
[2013-10-08 11:43:39] hashtag.INFO: Running [] []
[2013-10-08 11:43:39] hashtag.INFO: Setting tags #rftees #james [] []
[2013-10-08 11:43:39] hashtag.INFO: Adding blocked users @jamesmills @refreshteesside [] []
[2013-10-08 11:43:39] hashtag.INFO: Running search [] []
[2013-10-08 11:43:40] hashtag.INFO: Setting results [] []
[2013-10-08 11:43:40] hashtag.ERROR: No results for the search [] []
[2013-10-08 11:44:15] hashtag.INFO: Running [] []
[2013-10-08 11:44:15] hashtag.INFO: Setting tags #rftees #james [] []
[2013-10-08 11:44:15] hashtag.INFO: Adding blocked users @jamesmills @refreshteesside [] []
[2013-10-08 11:44:15] hashtag.INFO: Running search [] []
[2013-10-08 11:44:16] hashtag.INFO: Setting results [] []
[2013-10-08 11:44:16] hashtag.ERROR: No results for the search [] []
[2013-10-08 11:44:47] hashtag.INFO: Running [] []
[2013-10-08 11:44:47] hashtag.INFO: Setting tags #rftees #james [] []
[2013-10-08 11:44:47] hashtag.INFO: Adding blocked users @jamesmills @refreshteesside [] []
[2013-10-08 11:44:47] hashtag.INFO: Running search [] []
[2013-10-08 11:44:48] hashtag.INFO: Setting results [] []
[2013-10-08 11:44:48] hashtag.ERROR: No results for the search [] []
[2013-10-08 11:44:59] hashtag.INFO: Running [] []
[2013-10-08 11:44:59] hashtag.INFO: Setting tags #rftees [] []
[2013-10-08 11:44:59] hashtag.INFO: Adding blocked users @jamesmills @refreshteesside [] []
[2013-10-08 11:44:59] hashtag.INFO: Running search [] []
[2013-10-08 11:45:01] hashtag.INFO: Setting results [] []
[2013-10-08 11:45:01] hashtag.INFO: Total entries 7 [] []
[2013-10-08 11:45:01] hashtag.INFO: Picking winner [] []
[2013-10-08 11:45:01] hashtag.INFO: Winner is  [] []
[2013-10-08 11:45:34] hashtag.INFO: Running [] []
[2013-10-08 11:45:34] hashtag.INFO: Setting tags #spotify [] []
[2013-10-08 11:45:34] hashtag.INFO: Adding blocked users @jamesmills @refreshteesside [] []
[2013-10-08 11:45:34] hashtag.INFO: Running search [] []
[2013-10-08 11:45:36] hashtag.INFO: Setting results [] []
[2013-10-08 11:45:36] hashtag.INFO: Total entries 15 [] []
[2013-10-08 11:45:36] hashtag.INFO: Picking winner [] []
[2013-10-08 11:45:36] hashtag.INFO: Winner is Array [] []
[2013-10-08 11:49:53] hashtag.INFO: Running [] []
[2013-10-08 11:49:53] hashtag.INFO: Setting tags #spotify [] []
[2013-10-08 11:49:53] hashtag.INFO: Adding blocked users @jamesmills @refreshteesside [] []
[2013-10-08 11:49:53] hashtag.INFO: Running search [] []
[2013-10-08 11:49:55] hashtag.INFO: Setting results and splitting into valid, not valid and all. [] []
[2013-10-08 11:49:55] hashtag.INFO: Total entries 15 [] []
[2013-10-08 11:49:55] hashtag.INFO: Picking winner [] []
[2013-10-08 11:49:55] hashtag.INFO: Winner is @emma_rock86 [] []
[2013-10-08 11:56:02] hashtag.INFO: Running [] []
[2013-10-08 11:56:02] hashtag.INFO: Setting tags #hashtag #testing [] []
[2013-10-08 11:56:02] hashtag.INFO: Adding blocked users @jamesmills @refreshteesside [] []
[2013-10-08 11:56:02] hashtag.INFO: Running search [] []
[2013-10-08 11:56:03] hashtag.INFO: Setting results and splitting into valid, not valid and all. [] []
[2013-10-08 11:56:03] hashtag.INFO: Total entries 1 [] []
[2013-10-08 11:56:03] hashtag.INFO: Picking winner [] []
[2013-10-08 11:56:03] hashtag.INFO: Winner is @ [] []
[2013-10-08 11:56:03] hashtag.INFO: Sending tweet to WINNER @ [] []
[2013-10-08 12:01:16] hashtag.INFO: Running [] []
[2013-10-08 12:01:16] hashtag.INFO: Setting tags #hashtag #testing [] []
[2013-10-08 12:01:16] hashtag.INFO: Adding blocked users @jamesmills @refreshteesside [] []
[2013-10-08 12:01:16] hashtag.INFO: Running search [] []
[2013-10-08 12:01:18] hashtag.INFO: Setting results and splitting into valid, not valid and all. [] []
[2013-10-08 12:01:18] hashtag.INFO: Total entries 1 [] []
[2013-10-08 12:01:18] hashtag.INFO: Total valid entries 0 [] []
[2013-10-08 12:01:18] hashtag.INFO: Total not valid entries 1 [] []
[2013-10-08 12:01:18] hashtag.ERROR: No valid results. [] []
[2013-10-08 12:01:59] hashtag.INFO: Running [] []
[2013-10-08 12:01:59] hashtag.INFO: Setting tags #hashtag #testing [] []
[2013-10-08 12:01:59] hashtag.INFO: Adding blocked users @refreshteesside [] []
[2013-10-08 12:01:59] hashtag.INFO: Running search [] []
[2013-10-08 12:02:01] hashtag.INFO: Setting results and splitting into valid, not valid and all. [] []
[2013-10-08 12:02:01] hashtag.INFO: Total entries 1 [] []
[2013-10-08 12:02:01] hashtag.INFO: Total valid entries 1 [] []
[2013-10-08 12:02:01] hashtag.INFO: Total not valid entries 0 [] []
[2013-10-08 12:02:01] hashtag.INFO: Picking winner [] []
[2013-10-08 12:02:01] hashtag.INFO: Winner is @jamesmills [] []
[2013-10-08 12:02:01] hashtag.INFO: Sending tweet to @jamesmills [] []
[2013-10-08 12:02:01] hashtag.INFO: Sending tweet to WINNER @jamesmills [] []
[2013-10-08 12:03:25] hashtag.INFO: Running [] []
[2013-10-08 12:03:25] hashtag.INFO: Setting tags #hashtag #testing [] []
[2013-10-08 12:03:25] hashtag.INFO: Adding blocked users @refreshteesside [] []
[2013-10-08 12:03:25] hashtag.INFO: Running search [] []
[2013-10-08 12:03:27] hashtag.INFO: Setting results and splitting into valid, not valid and all. [] []
[2013-10-08 12:03:27] hashtag.INFO: Total entries 1 [] []
[2013-10-08 12:03:27] hashtag.INFO: Total valid entries 1 [] []
[2013-10-08 12:03:27] hashtag.INFO: Total not valid entries 0 [] []
[2013-10-08 12:03:27] hashtag.INFO: Picking winner [] []
[2013-10-08 12:03:27] hashtag.INFO: Winner is @jamesmills [] []
[2013-10-08 12:03:27] hashtag.INFO: Sending tweet to @jamesmills [] []
[2013-10-08 12:03:27] hashtag.INFO: Sending tweet to WINNER @jamesmills [] []
